<?xml version="1.0" encoding="UTF-8"?>
<!-- Generated by org.testng.reporters.JUnitXMLReporter -->
<testsuite ignored="0" hostname="vivobook-asuslaptop-x512flc-x512fl" failures="0" tests="9" name="Default test" time="32.118" errors="0" timestamp="2024-02-12T10:38:56 IST">
  <testcase classname="com.machines.Ping_Status.PP_Machines" name="pp1" time="6.095"/>
  <testcase classname="com.machines.Ping_Status.PP_Machines" name="pp2" time="3.156"/>
  <testcase classname="com.machines.Ping_Status.PP_Machines" name="pp3v5" time="3.138"/>
  <testcase classname="com.machines.Ping_Status.PP_Machines" name="pp4v5" time="3.112"/>
  <testcase classname="com.machines.Ping_Status.PP_Machines" name="pp4v15" time="3.322"/>
  <testcase classname="com.machines.Ping_Status.PP_Machines" name="pp5v5" time="3.113"/>
  <testcase classname="com.machines.Ping_Status.PP_Machines" name="pp5v15" time="3.898"/>
  <testcase classname="com.machines.Ping_Status.PP_Machines" name="pp7v5" time="3.139"/>
  <testcase classname="com.machines.Ping_Status.PP_Machines" name="pp7v15" time="3.104"/>
</testsuite> <!-- Default test -->
