<?xml version="1.0" encoding="UTF-8"?>
<!-- Generated by org.testng.reporters.JUnitXMLReporter -->
<testsuite ignored="0" hostname="vivobook-asuslaptop-x512flc-x512fl" failures="0" tests="9" name="Default test" time="31.758" errors="0" timestamp="2024-02-12T10:18:34 IST">
  <testcase classname="com.machines.Ping_Status.PP_Machines" name="pp1" time="6.384"/>
  <testcase classname="com.machines.Ping_Status.PP_Machines" name="pp2" time="3.089"/>
  <testcase classname="com.machines.Ping_Status.PP_Machines" name="pp3v5" time="3.105"/>
  <testcase classname="com.machines.Ping_Status.PP_Machines" name="pp4v5" time="3.098"/>
  <testcase classname="com.machines.Ping_Status.PP_Machines" name="pp4v15" time="3.345"/>
  <testcase classname="com.machines.Ping_Status.PP_Machines" name="pp5v5" time="3.289"/>
  <testcase classname="com.machines.Ping_Status.PP_Machines" name="pp5v15" time="3.091"/>
  <testcase classname="com.machines.Ping_Status.PP_Machines" name="pp7v5" time="3.222"/>
  <testcase classname="com.machines.Ping_Status.PP_Machines" name="pp7v15" time="3.094"/>
</testsuite> <!-- Default test -->
