<?xml version="1.0" encoding="UTF-8"?>
<!-- Generated by org.testng.reporters.JUnitXMLReporter -->
<testsuite ignored="0" hostname="HbpSoft" failures="0" tests="7" name="Default test" time="29.797" errors="0" timestamp="2024-03-21T10:39:41 IST">
  <testcase classname="com.machines.Ping_Status.Dev_Machines" name="dev2nathan" time="0.935"/>
  <testcase classname="com.machines.Ping_Status.Dev_Machines" name="dev2mani" time="4.01"/>
  <testcase classname="com.machines.Ping_Status.Dev_Machines" name="dev2sam" time="3.709"/>
  <testcase classname="com.machines.Ping_Status.Dev_Machines" name="dev2meena" time="3.856"/>
  <testcase classname="com.machines.Ping_Status.Dev_Machines" name="dev2sasi" time="6.784"/>
  <testcase classname="com.machines.Ping_Status.Dev_Machines" name="dev2gayathri" time="3.718"/>
  <testcase classname="com.machines.Ping_Status.Dev_Machines" name="dev2kamal" time="6.746"/>
</testsuite> <!-- Default test -->
