<?xml version="1.0" encoding="UTF-8"?>
<!-- Generated by org.testng.reporters.JUnitXMLReporter -->
<testsuite ignored="0" hostname="vivobook-asuslaptop-x512flc-x512fl" failures="0" tests="2" name="Default test" time="15.965" errors="0" timestamp="2024-01-20T14:23:14 IST">
  <testcase classname="com.machines.Ping_Status.public_Machines" name="PrivateDataportal" time="6.405"/>
  <testcase classname="com.machines.Ping_Status.public_Machines" name="PrivateColab" time="9.522"/>
</testsuite> <!-- Default test -->
