<?xml version="1.0" encoding="UTF-8"?>
<!-- Generated by org.testng.reporters.JUnitXMLReporter -->
<testsuite ignored="0" hostname="vivobook-asuslaptop-x512flc-x512fl" failures="0" tests="4" name="Default test" time="21.375" errors="0" timestamp="2024-02-12T09:37:25 IST">
  <testcase classname="com.machines.Ping_Status.apollo_Machines" name="apollo1" time="6.079"/>
  <testcase classname="com.machines.Ping_Status.apollo_Machines" name="apollo2" time="6.052"/>
  <testcase classname="com.machines.Ping_Status.apollo_Machines" name="apollo3" time="6.083"/>
  <testcase classname="com.machines.Ping_Status.apollo_Machines" name="apollo6" time="3.111"/>
</testsuite> <!-- Default test -->
