<?xml version="1.0" encoding="UTF-8"?>
<!-- Generated by org.testng.reporters.JUnitXMLReporter -->
<testsuite ignored="0" hostname="vivobook-asuslaptop-x512flc-x512fl" failures="0" tests="3" name="Default test" time="16.251" errors="0" timestamp="2024-02-12T10:06:57 IST">
  <testcase classname="com.machines.Ping_Status.dgx_Machines" name="dgx1" time="4.083"/>
  <testcase classname="com.machines.Ping_Status.dgx_Machines" name="dgx2" time="6.072"/>
  <testcase classname="com.machines.Ping_Status.dgx_Machines" name="dgx3" time="6.063"/>
</testsuite> <!-- Default test -->
