<?xml version="1.0" encoding="UTF-8"?>
<testng-results ignored="0" total="7" passed="7" failed="0" skipped="0">
  <reporter-output>
  </reporter-output>
  <suite started-at="2024-03-21T10:39:11 IST" name="Default suite" finished-at="2024-03-21T10:39:41 IST" duration-ms="29797">
    <groups>
    </groups>
    <test started-at="2024-03-21T10:39:11 IST" name="Default test" finished-at="2024-03-21T10:39:41 IST" duration-ms="29797">
      <class name="com.machines.Ping_Status.Dev_Machines">
        <test-method signature="dev2nathan()[pri:1, instance:com.machines.Ping_Status.Dev_Machines@35aea049]" started-at="2024-03-21T10:39:11 IST" name="dev2nathan" finished-at="2024-03-21T10:39:12 IST" duration-ms="935" status="PASS">
          <reporter-output>
          </reporter-output>
        </test-method> <!-- dev2nathan -->
        <test-method signature="dev2mani()[pri:2, instance:com.machines.Ping_Status.Dev_Machines@35aea049]" started-at="2024-03-21T10:39:12 IST" name="dev2mani" finished-at="2024-03-21T10:39:16 IST" duration-ms="4010" status="PASS">
          <reporter-output>
          </reporter-output>
        </test-method> <!-- dev2mani -->
        <test-method signature="dev2sam()[pri:3, instance:com.machines.Ping_Status.Dev_Machines@35aea049]" started-at="2024-03-21T10:39:16 IST" name="dev2sam" finished-at="2024-03-21T10:39:20 IST" duration-ms="3709" status="PASS">
          <reporter-output>
          </reporter-output>
        </test-method> <!-- dev2sam -->
        <test-method signature="dev2meena()[pri:4, instance:com.machines.Ping_Status.Dev_Machines@35aea049]" started-at="2024-03-21T10:39:20 IST" name="dev2meena" finished-at="2024-03-21T10:39:24 IST" duration-ms="3856" status="PASS">
          <reporter-output>
          </reporter-output>
        </test-method> <!-- dev2meena -->
        <test-method signature="dev2sasi()[pri:5, instance:com.machines.Ping_Status.Dev_Machines@35aea049]" started-at="2024-03-21T10:39:24 IST" name="dev2sasi" finished-at="2024-03-21T10:39:30 IST" duration-ms="6784" status="PASS">
          <reporter-output>
          </reporter-output>
        </test-method> <!-- dev2sasi -->
        <test-method signature="dev2gayathri()[pri:6, instance:com.machines.Ping_Status.Dev_Machines@35aea049]" started-at="2024-03-21T10:39:30 IST" name="dev2gayathri" finished-at="2024-03-21T10:39:34 IST" duration-ms="3718" status="PASS">
          <reporter-output>
          </reporter-output>
        </test-method> <!-- dev2gayathri -->
        <test-method signature="dev2kamal()[pri:7, instance:com.machines.Ping_Status.Dev_Machines@35aea049]" started-at="2024-03-21T10:39:34 IST" name="dev2kamal" finished-at="2024-03-21T10:39:41 IST" duration-ms="6746" status="PASS">
          <reporter-output>
          </reporter-output>
        </test-method> <!-- dev2kamal -->
      </class> <!-- com.machines.Ping_Status.Dev_Machines -->
    </test> <!-- Default test -->
  </suite> <!-- Default suite -->
</testng-results>
